2024-03-20T16:42:21.839+09:00  INFO 12524 --- [ch09] [restartedMain] kr.co.ch09.Ch09Application               : Starting Ch09Application using Java 17.0.9 with PID 12524 (C:\Users\java\Desktop\Workspace\Spring\ch09\build\classes\java\main started by java in C:\Users\java\Desktop\Workspace\Spring\ch09)
2024-03-20T16:42:21.842+09:00  INFO 12524 --- [ch09] [restartedMain] kr.co.ch09.Ch09Application               : No active profile set, falling back to 1 default profile: "default"
2024-03-20T16:42:21.866+09:00  INFO 12524 --- [ch09] [restartedMain] .e.DevToolsPropertyDefaultsPostProcessor : Devtools property defaults active! Set 'spring.devtools.add-properties' to 'false' to disable
2024-03-20T16:42:21.867+09:00  INFO 12524 --- [ch09] [restartedMain] .e.DevToolsPropertyDefaultsPostProcessor : For additional web related logging consider setting the 'logging.level.web' property to 'DEBUG'
2024-03-20T16:42:22.367+09:00  INFO 12524 --- [ch09] [restartedMain] .s.d.r.c.RepositoryConfigurationDelegate : Bootstrapping Spring Data JPA repositories in DEFAULT mode.
2024-03-20T16:42:22.398+09:00  INFO 12524 --- [ch09] [restartedMain] .s.d.r.c.RepositoryConfigurationDelegate : Finished Spring Data repository scanning in 24 ms. Found 3 JPA repository interfaces.
2024-03-20T16:42:22.469+09:00  WARN 12524 --- [ch09] [restartedMain] o.m.s.mapper.ClassPathMapperScanner      : No MyBatis mapper was found in '[kr.co.ch09]' package. Please check your configuration.
2024-03-20T16:42:22.714+09:00  INFO 12524 --- [ch09] [restartedMain] o.s.b.w.embedded.tomcat.TomcatWebServer  : Tomcat initialized with port 8080 (http)
2024-03-20T16:42:22.720+09:00  INFO 12524 --- [ch09] [restartedMain] o.apache.catalina.core.StandardService   : Starting service [Tomcat]
2024-03-20T16:42:22.720+09:00  INFO 12524 --- [ch09] [restartedMain] o.apache.catalina.core.StandardEngine    : Starting Servlet engine: [Apache Tomcat/10.1.19]
2024-03-20T16:42:22.750+09:00  INFO 12524 --- [ch09] [restartedMain] o.a.c.c.C.[Tomcat].[localhost].[/ch09]   : Initializing Spring embedded WebApplicationContext
2024-03-20T16:42:22.750+09:00  INFO 12524 --- [ch09] [restartedMain] w.s.c.ServletWebServerApplicationContext : Root WebApplicationContext: initialization completed in 883 ms
2024-03-20T16:42:22.831+09:00  INFO 12524 --- [ch09] [restartedMain] o.hibernate.jpa.internal.util.LogHelper  : HHH000204: Processing PersistenceUnitInfo [name: default]
2024-03-20T16:42:22.858+09:00  INFO 12524 --- [ch09] [restartedMain] org.hibernate.Version                    : HHH000412: Hibernate ORM core version 6.4.4.Final
2024-03-20T16:42:22.876+09:00  INFO 12524 --- [ch09] [restartedMain] o.h.c.internal.RegionFactoryInitiator    : HHH000026: Second-level cache disabled
2024-03-20T16:42:23.011+09:00  INFO 12524 --- [ch09] [restartedMain] o.s.o.j.p.SpringPersistenceUnitInfo      : No LoadTimeWeaver setup: ignoring JPA class transformer
2024-03-20T16:42:23.026+09:00  INFO 12524 --- [ch09] [restartedMain] com.zaxxer.hikari.HikariDataSource       : HikariPool-1 - Starting...
2024-03-20T16:42:23.162+09:00  INFO 12524 --- [ch09] [restartedMain] com.zaxxer.hikari.pool.HikariPool        : HikariPool-1 - Added connection com.mysql.cj.jdbc.ConnectionImpl@58e13b2e
2024-03-20T16:42:23.163+09:00  INFO 12524 --- [ch09] [restartedMain] com.zaxxer.hikari.HikariDataSource       : HikariPool-1 - Start completed.
2024-03-20T16:42:23.190+09:00  WARN 12524 --- [ch09] [restartedMain] org.hibernate.orm.deprecation            : HHH90000025: MySQLDialect does not need to be specified explicitly using 'hibernate.dialect' (remove the property setting and it will be selected by default)
2024-03-20T16:42:23.707+09:00  INFO 12524 --- [ch09] [restartedMain] o.h.e.t.j.p.i.JtaPlatformInitiator       : HHH000489: No JTA platform available (set 'hibernate.transaction.jta.platform' to enable JTA platform integration)
2024-03-20T16:42:23.737+09:00  INFO 12524 --- [ch09] [restartedMain] j.LocalContainerEntityManagerFactoryBean : Initialized JPA EntityManagerFactory for persistence unit 'default'
2024-03-20T16:42:24.001+09:00  WARN 12524 --- [ch09] [restartedMain] JpaBaseConfiguration$JpaWebConfiguration : spring.jpa.open-in-view is enabled by default. Therefore, database queries may be performed during view rendering. Explicitly configure spring.jpa.open-in-view to disable this warning
2024-03-20T16:42:24.063+09:00  INFO 12524 --- [ch09] [restartedMain] o.s.b.a.w.s.WelcomePageHandlerMapping    : Adding welcome page template: index
2024-03-20T16:42:24.154+09:00  INFO 12524 --- [ch09] [restartedMain] o.s.s.web.DefaultSecurityFilterChain     : Will secure any request with [org.springframework.security.web.session.DisableEncodeUrlFilter@5bdc8876, org.springframework.security.web.context.request.async.WebAsyncManagerIntegrationFilter@51a00790, org.springframework.security.web.context.SecurityContextHolderFilter@6f70d59d, org.springframework.security.web.header.HeaderWriterFilter@64454e4b, org.springframework.web.filter.CorsFilter@7c700ca, org.springframework.security.web.authentication.logout.LogoutFilter@7f0ca829, org.springframework.security.web.authentication.UsernamePasswordAuthenticationFilter@60644935, org.springframework.security.web.savedrequest.RequestCacheAwareFilter@3f00bdb1, org.springframework.security.web.servletapi.SecurityContextHolderAwareRequestFilter@254df1d6, org.springframework.security.web.authentication.AnonymousAuthenticationFilter@a86bddc, org.springframework.security.web.access.ExceptionTranslationFilter@30e9418e, org.springframework.security.web.access.intercept.AuthorizationFilter@6219aff]
2024-03-20T16:42:24.359+09:00  INFO 12524 --- [ch09] [restartedMain] o.s.b.d.a.OptionalLiveReloadServer       : LiveReload server is running on port 35729
2024-03-20T16:42:24.378+09:00  INFO 12524 --- [ch09] [restartedMain] o.s.b.w.embedded.tomcat.TomcatWebServer  : Tomcat started on port 8080 (http) with context path '/ch09'
2024-03-20T16:42:24.383+09:00  INFO 12524 --- [ch09] [restartedMain] kr.co.ch09.Ch09Application               : Started Ch09Application in 2.761 seconds (process running for 3.047)
2024-03-20T16:42:33.895+09:00  INFO 12524 --- [ch09] [http-nio-8080-exec-3] o.a.c.c.C.[Tomcat].[localhost].[/ch09]   : Initializing Spring DispatcherServlet 'dispatcherServlet'
2024-03-20T16:42:33.895+09:00  INFO 12524 --- [ch09] [http-nio-8080-exec-3] o.s.web.servlet.DispatcherServlet        : Initializing Servlet 'dispatcherServlet'
2024-03-20T16:42:33.896+09:00  INFO 12524 --- [ch09] [http-nio-8080-exec-3] o.s.web.servlet.DispatcherServlet        : Completed initialization in 1 ms
2024-03-20T16:42:56.886+09:00  WARN 12524 --- [ch09] [http-nio-8080-exec-6] .w.s.m.s.DefaultHandlerExceptionResolver : Resolved [org.springframework.web.HttpRequestMethodNotSupportedException: Request method 'POST' is not supported]
2024-03-20T16:44:53.433+09:00  WARN 12524 --- [ch09] [http-nio-8080-exec-3] .w.s.m.s.DefaultHandlerExceptionResolver : Resolved [org.springframework.web.HttpRequestMethodNotSupportedException: Request method 'POST' is not supported]
2024-03-20T16:47:57.556+09:00  INFO 12524 --- [ch09] [SpringApplicationShutdownHook] j.LocalContainerEntityManagerFactoryBean : Closing JPA EntityManagerFactory for persistence unit 'default'
2024-03-20T16:47:57.559+09:00  INFO 12524 --- [ch09] [SpringApplicationShutdownHook] com.zaxxer.hikari.HikariDataSource       : HikariPool-1 - Shutdown initiated...
2024-03-20T16:47:57.564+09:00  INFO 12524 --- [ch09] [SpringApplicationShutdownHook] com.zaxxer.hikari.HikariDataSource       : HikariPool-1 - Shutdown completed.
