2024-03-13T09:57:39.483+09:00  INFO 8292 --- [ch08] [restartedMain] kr.co.ch08.Ch08Application               : Starting Ch08Application using Java 17.0.9 with PID 8292 (C:\Users\java\Desktop\Workspace\Spring\ch08\build\classes\java\main started by java in C:\Users\java\Desktop\Workspace\Spring\ch08)
2024-03-13T09:57:39.485+09:00  INFO 8292 --- [ch08] [restartedMain] kr.co.ch08.Ch08Application               : No active profile set, falling back to 1 default profile: "default"
2024-03-13T09:57:39.511+09:00  INFO 8292 --- [ch08] [restartedMain] .e.DevToolsPropertyDefaultsPostProcessor : Devtools property defaults active! Set 'spring.devtools.add-properties' to 'false' to disable
2024-03-13T09:57:39.512+09:00  INFO 8292 --- [ch08] [restartedMain] .e.DevToolsPropertyDefaultsPostProcessor : For additional web related logging consider setting the 'logging.level.web' property to 'DEBUG'
2024-03-13T09:57:39.912+09:00  INFO 8292 --- [ch08] [restartedMain] .s.d.r.c.RepositoryConfigurationDelegate : Bootstrapping Spring Data JPA repositories in DEFAULT mode.
2024-03-13T09:57:39.920+09:00  INFO 8292 --- [ch08] [restartedMain] .s.d.r.c.RepositoryConfigurationDelegate : Finished Spring Data repository scanning in 2 ms. Found 0 JPA repository interfaces.
2024-03-13T09:57:39.989+09:00  WARN 8292 --- [ch08] [restartedMain] o.m.s.mapper.ClassPathMapperScanner      : No MyBatis mapper was found in '[kr.co.ch08]' package. Please check your configuration.
2024-03-13T09:57:40.235+09:00  INFO 8292 --- [ch08] [restartedMain] o.s.b.w.embedded.tomcat.TomcatWebServer  : Tomcat initialized with port 8080 (http)
2024-03-13T09:57:40.241+09:00  INFO 8292 --- [ch08] [restartedMain] o.apache.catalina.core.StandardService   : Starting service [Tomcat]
2024-03-13T09:57:40.242+09:00  INFO 8292 --- [ch08] [restartedMain] o.apache.catalina.core.StandardEngine    : Starting Servlet engine: [Apache Tomcat/10.1.19]
2024-03-13T09:57:40.272+09:00  INFO 8292 --- [ch08] [restartedMain] o.a.c.c.C.[Tomcat].[localhost].[/ch06]   : Initializing Spring embedded WebApplicationContext
2024-03-13T09:57:40.273+09:00  INFO 8292 --- [ch08] [restartedMain] w.s.c.ServletWebServerApplicationContext : Root WebApplicationContext: initialization completed in 761 ms
2024-03-13T09:57:40.366+09:00  INFO 8292 --- [ch08] [restartedMain] o.hibernate.jpa.internal.util.LogHelper  : HHH000204: Processing PersistenceUnitInfo [name: default]
2024-03-13T09:57:40.404+09:00  INFO 8292 --- [ch08] [restartedMain] org.hibernate.Version                    : HHH000412: Hibernate ORM core version 6.4.4.Final
2024-03-13T09:57:40.426+09:00  INFO 8292 --- [ch08] [restartedMain] o.h.c.internal.RegionFactoryInitiator    : HHH000026: Second-level cache disabled
2024-03-13T09:57:40.607+09:00  INFO 8292 --- [ch08] [restartedMain] o.s.o.j.p.SpringPersistenceUnitInfo      : No LoadTimeWeaver setup: ignoring JPA class transformer
2024-03-13T09:57:40.624+09:00  INFO 8292 --- [ch08] [restartedMain] com.zaxxer.hikari.HikariDataSource       : HikariPool-1 - Starting...
2024-03-13T09:57:40.789+09:00  INFO 8292 --- [ch08] [restartedMain] com.zaxxer.hikari.pool.HikariPool        : HikariPool-1 - Added connection com.mysql.cj.jdbc.ConnectionImpl@1feb187b
2024-03-13T09:57:40.790+09:00  INFO 8292 --- [ch08] [restartedMain] com.zaxxer.hikari.HikariDataSource       : HikariPool-1 - Start completed.
2024-03-13T09:57:40.836+09:00  WARN 8292 --- [ch08] [restartedMain] org.hibernate.orm.deprecation            : HHH90000025: MySQLDialect does not need to be specified explicitly using 'hibernate.dialect' (remove the property setting and it will be selected by default)
2024-03-13T09:57:41.028+09:00  INFO 8292 --- [ch08] [restartedMain] o.h.e.t.j.p.i.JtaPlatformInitiator       : HHH000489: No JTA platform available (set 'hibernate.transaction.jta.platform' to enable JTA platform integration)
2024-03-13T09:57:41.031+09:00  INFO 8292 --- [ch08] [restartedMain] j.LocalContainerEntityManagerFactoryBean : Initialized JPA EntityManagerFactory for persistence unit 'default'
2024-03-13T09:57:41.054+09:00  WARN 8292 --- [ch08] [restartedMain] JpaBaseConfiguration$JpaWebConfiguration : spring.jpa.open-in-view is enabled by default. Therefore, database queries may be performed during view rendering. Explicitly configure spring.jpa.open-in-view to disable this warning
2024-03-13T09:57:41.077+09:00  WARN 8292 --- [ch08] [restartedMain] .s.s.UserDetailsServiceAutoConfiguration : 

Using generated security password: d6c00a8f-9828-49b5-a13c-d798095c6a39

This generated password is for development use only. Your security configuration must be updated before running your application in production.

2024-03-13T09:57:41.128+09:00  INFO 8292 --- [ch08] [restartedMain] o.s.b.a.w.s.WelcomePageHandlerMapping    : Adding welcome page template: index
2024-03-13T09:57:41.378+09:00  INFO 8292 --- [ch08] [restartedMain] o.s.s.web.DefaultSecurityFilterChain     : Will secure any request with [org.springframework.security.web.session.DisableEncodeUrlFilter@7deaecfb, org.springframework.security.web.context.request.async.WebAsyncManagerIntegrationFilter@4644f85c, org.springframework.security.web.context.SecurityContextHolderFilter@4a2c5bda, org.springframework.security.web.header.HeaderWriterFilter@220b5c3e, org.springframework.web.filter.CorsFilter@1fc5f9ba, org.springframework.security.web.csrf.CsrfFilter@524f3a2e, org.springframework.security.web.authentication.logout.LogoutFilter@fca470b, org.springframework.security.web.authentication.UsernamePasswordAuthenticationFilter@1a3f6d95, org.springframework.security.web.authentication.ui.DefaultLoginPageGeneratingFilter@5f8a2d96, org.springframework.security.web.authentication.ui.DefaultLogoutPageGeneratingFilter@3c85e8ed, org.springframework.security.web.authentication.www.BasicAuthenticationFilter@12e53e04, org.springframework.security.web.savedrequest.RequestCacheAwareFilter@3f17482f, org.springframework.security.web.servletapi.SecurityContextHolderAwareRequestFilter@4bff9c46, org.springframework.security.web.authentication.AnonymousAuthenticationFilter@16a246b2, org.springframework.security.web.access.ExceptionTranslationFilter@6211b19c, org.springframework.security.web.access.intercept.AuthorizationFilter@33dcf41b]
2024-03-13T09:57:41.399+09:00  INFO 8292 --- [ch08] [restartedMain] o.s.b.d.a.OptionalLiveReloadServer       : LiveReload server is running on port 35729
2024-03-13T09:57:41.417+09:00  INFO 8292 --- [ch08] [restartedMain] o.s.b.w.embedded.tomcat.TomcatWebServer  : Tomcat started on port 8080 (http) with context path '/ch06'
2024-03-13T09:57:41.422+09:00  INFO 8292 --- [ch08] [restartedMain] kr.co.ch08.Ch08Application               : Started Ch08Application in 2.255 seconds (process running for 2.629)
2024-03-13T09:58:52.702+09:00  INFO 8292 --- [ch08] [SpringApplicationShutdownHook] j.LocalContainerEntityManagerFactoryBean : Closing JPA EntityManagerFactory for persistence unit 'default'
2024-03-13T09:58:52.705+09:00  INFO 8292 --- [ch08] [SpringApplicationShutdownHook] com.zaxxer.hikari.HikariDataSource       : HikariPool-1 - Shutdown initiated...
2024-03-13T09:58:52.710+09:00  INFO 8292 --- [ch08] [SpringApplicationShutdownHook] com.zaxxer.hikari.HikariDataSource       : HikariPool-1 - Shutdown completed.
2024-03-13T09:58:54.098+09:00  INFO 2548 --- [ch08] [restartedMain] kr.co.ch08.Ch08Application               : Starting Ch08Application using Java 17.0.9 with PID 2548 (C:\Users\java\Desktop\Workspace\Spring\ch08\build\classes\java\main started by java in C:\Users\java\Desktop\Workspace\Spring\ch08)
2024-03-13T09:58:54.099+09:00  INFO 2548 --- [ch08] [restartedMain] kr.co.ch08.Ch08Application               : No active profile set, falling back to 1 default profile: "default"
2024-03-13T09:58:54.118+09:00  INFO 2548 --- [ch08] [restartedMain] .e.DevToolsPropertyDefaultsPostProcessor : Devtools property defaults active! Set 'spring.devtools.add-properties' to 'false' to disable
2024-03-13T09:58:54.119+09:00  INFO 2548 --- [ch08] [restartedMain] .e.DevToolsPropertyDefaultsPostProcessor : For additional web related logging consider setting the 'logging.level.web' property to 'DEBUG'
2024-03-13T09:58:54.497+09:00  INFO 2548 --- [ch08] [restartedMain] .s.d.r.c.RepositoryConfigurationDelegate : Bootstrapping Spring Data JPA repositories in DEFAULT mode.
2024-03-13T09:58:54.504+09:00  INFO 2548 --- [ch08] [restartedMain] .s.d.r.c.RepositoryConfigurationDelegate : Finished Spring Data repository scanning in 2 ms. Found 0 JPA repository interfaces.
2024-03-13T09:58:54.570+09:00  WARN 2548 --- [ch08] [restartedMain] o.m.s.mapper.ClassPathMapperScanner      : No MyBatis mapper was found in '[kr.co.ch08]' package. Please check your configuration.
2024-03-13T09:58:54.783+09:00  INFO 2548 --- [ch08] [restartedMain] o.s.b.w.embedded.tomcat.TomcatWebServer  : Tomcat initialized with port 8080 (http)
2024-03-13T09:58:54.789+09:00  INFO 2548 --- [ch08] [restartedMain] o.apache.catalina.core.StandardService   : Starting service [Tomcat]
2024-03-13T09:58:54.789+09:00  INFO 2548 --- [ch08] [restartedMain] o.apache.catalina.core.StandardEngine    : Starting Servlet engine: [Apache Tomcat/10.1.19]
2024-03-13T09:58:54.811+09:00  INFO 2548 --- [ch08] [restartedMain] o.a.c.c.C.[Tomcat].[localhost].[/ch06]   : Initializing Spring embedded WebApplicationContext
2024-03-13T09:58:54.812+09:00  INFO 2548 --- [ch08] [restartedMain] w.s.c.ServletWebServerApplicationContext : Root WebApplicationContext: initialization completed in 692 ms
2024-03-13T09:58:54.890+09:00  INFO 2548 --- [ch08] [restartedMain] o.hibernate.jpa.internal.util.LogHelper  : HHH000204: Processing PersistenceUnitInfo [name: default]
2024-03-13T09:58:54.914+09:00  INFO 2548 --- [ch08] [restartedMain] org.hibernate.Version                    : HHH000412: Hibernate ORM core version 6.4.4.Final
2024-03-13T09:58:54.930+09:00  INFO 2548 --- [ch08] [restartedMain] o.h.c.internal.RegionFactoryInitiator    : HHH000026: Second-level cache disabled
2024-03-13T09:58:55.051+09:00  INFO 2548 --- [ch08] [restartedMain] o.s.o.j.p.SpringPersistenceUnitInfo      : No LoadTimeWeaver setup: ignoring JPA class transformer
2024-03-13T09:58:55.067+09:00  INFO 2548 --- [ch08] [restartedMain] com.zaxxer.hikari.HikariDataSource       : HikariPool-1 - Starting...
2024-03-13T09:58:55.198+09:00  INFO 2548 --- [ch08] [restartedMain] com.zaxxer.hikari.pool.HikariPool        : HikariPool-1 - Added connection com.mysql.cj.jdbc.ConnectionImpl@1fcf1905
2024-03-13T09:58:55.199+09:00  INFO 2548 --- [ch08] [restartedMain] com.zaxxer.hikari.HikariDataSource       : HikariPool-1 - Start completed.
2024-03-13T09:58:55.224+09:00  WARN 2548 --- [ch08] [restartedMain] org.hibernate.orm.deprecation            : HHH90000025: MySQLDialect does not need to be specified explicitly using 'hibernate.dialect' (remove the property setting and it will be selected by default)
2024-03-13T09:58:55.386+09:00  INFO 2548 --- [ch08] [restartedMain] o.h.e.t.j.p.i.JtaPlatformInitiator       : HHH000489: No JTA platform available (set 'hibernate.transaction.jta.platform' to enable JTA platform integration)
2024-03-13T09:58:55.388+09:00  INFO 2548 --- [ch08] [restartedMain] j.LocalContainerEntityManagerFactoryBean : Initialized JPA EntityManagerFactory for persistence unit 'default'
2024-03-13T09:58:55.411+09:00  WARN 2548 --- [ch08] [restartedMain] JpaBaseConfiguration$JpaWebConfiguration : spring.jpa.open-in-view is enabled by default. Therefore, database queries may be performed during view rendering. Explicitly configure spring.jpa.open-in-view to disable this warning
2024-03-13T09:58:55.427+09:00  WARN 2548 --- [ch08] [restartedMain] .s.s.UserDetailsServiceAutoConfiguration : 

Using generated security password: 1533e619-8063-45d3-85fe-84b28b88f8ab

This generated password is for development use only. Your security configuration must be updated before running your application in production.

2024-03-13T09:58:55.476+09:00  INFO 2548 --- [ch08] [restartedMain] o.s.b.a.w.s.WelcomePageHandlerMapping    : Adding welcome page template: index
2024-03-13T09:58:55.704+09:00  INFO 2548 --- [ch08] [restartedMain] o.s.s.web.DefaultSecurityFilterChain     : Will secure any request with [org.springframework.security.web.session.DisableEncodeUrlFilter@3778772, org.springframework.security.web.context.request.async.WebAsyncManagerIntegrationFilter@5726cade, org.springframework.security.web.context.SecurityContextHolderFilter@4bd9eba8, org.springframework.security.web.header.HeaderWriterFilter@e883ace, org.springframework.web.filter.CorsFilter@56e82ad7, org.springframework.security.web.csrf.CsrfFilter@534f5bd6, org.springframework.security.web.authentication.logout.LogoutFilter@289299f5, org.springframework.security.web.authentication.UsernamePasswordAuthenticationFilter@4e062c54, org.springframework.security.web.authentication.ui.DefaultLoginPageGeneratingFilter@148807b1, org.springframework.security.web.authentication.ui.DefaultLogoutPageGeneratingFilter@3fbe85e2, org.springframework.security.web.authentication.www.BasicAuthenticationFilter@5cc1188a, org.springframework.security.web.savedrequest.RequestCacheAwareFilter@70a2a84c, org.springframework.security.web.servletapi.SecurityContextHolderAwareRequestFilter@337ab4d5, org.springframework.security.web.authentication.AnonymousAuthenticationFilter@4dc970, org.springframework.security.web.access.ExceptionTranslationFilter@4c80106d, org.springframework.security.web.access.intercept.AuthorizationFilter@4d4e74ee]
2024-03-13T09:58:55.724+09:00  INFO 2548 --- [ch08] [restartedMain] o.s.b.d.a.OptionalLiveReloadServer       : LiveReload server is running on port 35729
2024-03-13T09:58:55.740+09:00  INFO 2548 --- [ch08] [restartedMain] o.s.b.w.embedded.tomcat.TomcatWebServer  : Tomcat started on port 8080 (http) with context path '/ch06'
2024-03-13T09:58:55.745+09:00  INFO 2548 --- [ch08] [restartedMain] kr.co.ch08.Ch08Application               : Started Ch08Application in 1.832 seconds (process running for 2.091)
2024-03-13T10:00:01.722+09:00  INFO 2548 --- [ch08] [SpringApplicationShutdownHook] j.LocalContainerEntityManagerFactoryBean : Closing JPA EntityManagerFactory for persistence unit 'default'
2024-03-13T10:00:01.724+09:00  INFO 2548 --- [ch08] [SpringApplicationShutdownHook] com.zaxxer.hikari.HikariDataSource       : HikariPool-1 - Shutdown initiated...
2024-03-13T10:00:01.726+09:00  INFO 2548 --- [ch08] [SpringApplicationShutdownHook] com.zaxxer.hikari.HikariDataSource       : HikariPool-1 - Shutdown completed.
